c:\users\muril\pi_2_game\x64\debug\vc143.pdb
c:\users\muril\pi_2_game\x64\debug\vc143.idb
c:\users\muril\pi_2_game\x64\debug\tilemap.obj
c:\users\muril\pi_2_game\x64\debug\semente.obj
c:\users\muril\pi_2_game\x64\debug\manipuladoresgene.obj
c:\users\muril\pi_2_game\x64\debug\main.obj
c:\users\muril\pi_2_game\x64\debug\inventario.obj
c:\users\muril\pi_2_game\x64\debug\funcexibicao.obj
c:\users\muril\pi_2_game\x64\debug\abobora.obj
c:\users\muril\pi_2_game\x64\debug\pi_2_game.exe
c:\users\muril\pi_2_game\x64\debug\pi_2_game.ilk
c:\users\muril\pi_2_game\x64\debug\pi_2_game.pdb
c:\users\muril\pi_2_game\x64\debug\allegro-debug.pdb
c:\users\muril\pi_2_game\x64\debug\allegro_acodec-debug.pdb
c:\users\muril\pi_2_game\x64\debug\allegro_audio-debug.pdb
c:\users\muril\pi_2_game\x64\debug\allegro_color-debug.pdb
c:\users\muril\pi_2_game\x64\debug\allegro_dialog-debug.pdb
c:\users\muril\pi_2_game\x64\debug\allegro_font-debug.pdb
c:\users\muril\pi_2_game\x64\debug\allegro_image-debug.pdb
c:\users\muril\pi_2_game\x64\debug\allegro_memfile-debug.pdb
c:\users\muril\pi_2_game\x64\debug\allegro_physfs-debug.pdb
c:\users\muril\pi_2_game\x64\debug\allegro_primitives-debug.pdb
c:\users\muril\pi_2_game\x64\debug\allegro_ttf-debug.pdb
c:\users\muril\pi_2_game\x64\debug\allegro_video-debug.pdb
c:\users\muril\pi_2_game\x64\debug\pi_2_game.tlog\cl.command.1.tlog
c:\users\muril\pi_2_game\x64\debug\pi_2_game.tlog\cl.items.tlog
c:\users\muril\pi_2_game\x64\debug\pi_2_game.tlog\cl.read.1.tlog
c:\users\muril\pi_2_game\x64\debug\pi_2_game.tlog\cl.write.1.tlog
c:\users\muril\pi_2_game\x64\debug\pi_2_game.tlog\link.command.1.tlog
c:\users\muril\pi_2_game\x64\debug\pi_2_game.tlog\link.read.1.tlog
c:\users\muril\pi_2_game\x64\debug\pi_2_game.tlog\link.write.1.tlog
